<?xml version="1.0" encoding="UTF-8"?>
<!-- Generated by org.testng.reporters.JUnitReportReporter -->
<testsuite skipped="1" hostname="anil3148978" name="TestRunner" tests="1" failures="0" timestamp="2020-03-02T21:39:29 IST" time="0.000" errors="0">
  <testcase name="runScenario" time="0.000" classname="TestRunner">
    <skipped/>
  </testcase> <!-- runScenario -->
  <system-out/>
</testsuite> <!-- TestRunner -->
